<?xml version="1.0" encoding="UTF-8"?>
<!-- Generated by org.testng.reporters.JUnitReportReporter -->
<testsuite hostname="LAPTOP-7ISEF72N" failures="0" tests="1" name="com.comcast.crm.producttest.CreateProduct" time="6.685" errors="0" timestamp="2025-05-06T16:17:13 IST" skipped="0">
  <testcase classname="com.comcast.crm.producttest.CreateProduct" name="createProduct" time="6.685"/>
</testsuite> <!-- com.comcast.crm.producttest.CreateProduct -->
