<?xml version="1.0" encoding="UTF-8"?>
<!-- Generated by org.testng.reporters.JUnitReportReporter -->
<testsuite hostname="LAPTOP-7ISEF72N" failures="0" tests="3" name="com.comcast.crm.orgtest.CreateOrganizationTest" time="148.633" errors="0" timestamp="2025-05-21T15:08:02 IST" skipped="0">
  <testcase classname="com.comcast.crm.orgtest.CreateOrganizationTest" name="createOrgWithIndustryTest" time="40.644"/>
  <testcase classname="com.comcast.crm.orgtest.CreateOrganizationTest" name="createOrgWithPhoneNoTest" time="28.682"/>
  <testcase classname="com.comcast.crm.orgtest.CreateOrganizationTest" name="createOrgTest" time="79.307"/>
</testsuite> <!-- com.comcast.crm.orgtest.CreateOrganizationTest -->
