<?xml version="1.0" encoding="UTF-8"?>
<!-- Generated by org.testng.reporters.JUnitReportReporter -->
<testsuite hostname="LAPTOP-7ISEF72N" failures="0" tests="1" name="com.comcast.crm.systemtest.E2ETestCase2_Product" time="12.144" errors="0" timestamp="2025-04-24T10:52:17 IST" skipped="0">
  <testcase classname="com.comcast.crm.systemtest.E2ETestCase2_Product" name="run" time="12.144"/>
</testsuite> <!-- com.comcast.crm.systemtest.E2ETestCase2_Product -->
