<?xml version="1.0" encoding="UTF-8"?>
<!-- Generated by org.testng.reporters.JUnitReportReporter -->
<testsuite hostname="LAPTOP-7ISEF72N" failures="0" tests="1" name="com.comcast.crm.contacttest.Createcontactwithsupportdate" time="13.251" errors="0" timestamp="2025-04-23T10:22:33 IST" skipped="0">
  <testcase classname="com.comcast.crm.contacttest.Createcontactwithsupportdate" name="run" time="13.251"/>
</testsuite> <!-- com.comcast.crm.contacttest.Createcontactwithsupportdate -->
