<?xml version="1.0" encoding="UTF-8"?>
<!-- Generated by org.testng.reporters.JUnitReportReporter -->
<testsuite hostname="LAPTOP-7ISEF72N" failures="0" tests="1" name="com.comcast.crm.systemtest.TC_04_CreateInvoice" time="21.590" errors="0" timestamp="2025-04-29T12:36:45 IST" skipped="0">
  <testcase classname="com.comcast.crm.systemtest.TC_04_CreateInvoice" name="run" time="21.590"/>
</testsuite> <!-- com.comcast.crm.systemtest.TC_04_CreateInvoice -->
