<?xml version="1.0" encoding="UTF-8"?>
<!-- Generated by org.testng.reporters.JUnitReportReporter -->
<testsuite hostname="LAPTOP-7ISEF72N" failures="0" tests="1" name="com.comcast.crm.orgtest.CreateorgwithPhoneNo" time="8.636" errors="0" timestamp="2025-04-22T13:07:19 IST" skipped="0">
  <testcase classname="com.comcast.crm.orgtest.CreateorgwithPhoneNo" name="run" time="8.636"/>
</testsuite> <!-- com.comcast.crm.orgtest.CreateorgwithPhoneNo -->
