<?xml version="1.0" encoding="UTF-8"?>
<!-- Generated by org.testng.reporters.JUnitReportReporter -->
<testsuite hostname="LAPTOP-7ISEF72N" failures="0" tests="1" name="com.comcast.crm.contacttest.CreateContact" time="9.712" errors="0" timestamp="2025-04-22T12:42:23 IST" skipped="0">
  <testcase classname="com.comcast.crm.contacttest.CreateContact" name="run" time="9.712"/>
</testsuite> <!-- com.comcast.crm.contacttest.CreateContact -->
