<?xml version="1.0" encoding="UTF-8"?>
<!-- Generated by org.testng.reporters.JUnitReportReporter -->
<testsuite hostname="LAPTOP-7ISEF72N" failures="0" tests="1" name="com.comcast.crm.contacttest.CreateContactandOrg" time="18.463" errors="0" timestamp="2025-04-23T10:12:31 IST" skipped="0">
  <testcase classname="com.comcast.crm.contacttest.CreateContactandOrg" name="run" time="18.463"/>
</testsuite> <!-- com.comcast.crm.contacttest.CreateContactandOrg -->
