<?xml version="1.0" encoding="UTF-8"?>
<!-- Generated by org.testng.reporters.JUnitReportReporter -->
<testsuite hostname="LAPTOP-7ISEF72N" failures="0" tests="1" name="com.comcast.crm.contacttest.CreateorgTest" time="9.765" errors="0" timestamp="2025-04-22T10:55:52 IST" skipped="0">
  <testcase classname="com.comcast.crm.contacttest.CreateorgTest" name="createorg" time="9.765"/>
</testsuite> <!-- com.comcast.crm.contacttest.CreateorgTest -->
