<?xml version="1.0" encoding="UTF-8"?>
<!-- Generated by org.testng.reporters.JUnitReportReporter -->
<testsuite hostname="LAPTOP-7ISEF72N" failures="0" tests="1" name="com.comcast.crm.orgtest.CreateOrgWithIndustry" time="12.450" errors="0" timestamp="2025-04-23T10:26:32 IST" skipped="0">
  <testcase classname="com.comcast.crm.orgtest.CreateOrgWithIndustry" name="run" time="12.450"/>
</testsuite> <!-- com.comcast.crm.orgtest.CreateOrgWithIndustry -->
