<?xml version="1.0" encoding="UTF-8"?>
<!-- Generated by org.testng.reporters.JUnitReportReporter -->
<testsuite hostname="LAPTOP-7ISEF72N" failures="0" tests="3" name="com.comcast.crm.contacttest.CreateContactTest" time="26.879" errors="0" timestamp="2025-05-06T16:17:13 IST" skipped="0">
  <testcase classname="com.comcast.crm.contacttest.CreateContactTest" name="createContactTest" time="6.491"/>
  <testcase classname="com.comcast.crm.contacttest.CreateContactTest" name="createContactAndOrgTest" time="13.213"/>
  <testcase classname="com.comcast.crm.contacttest.CreateContactTest" name="createContactwithSupportDateTest" time="7.175"/>
</testsuite> <!-- com.comcast.crm.contacttest.CreateContactTest -->
