<?xml version="1.0" encoding="UTF-8"?>
<!-- Generated by org.testng.reporters.JUnitReportReporter -->
<testsuite hostname="LAPTOP-7ISEF72N" failures="0" tests="1" name="com.comcast.crm.invoicetest.CreateInvoice" time="17.804" errors="0" timestamp="2025-05-06T16:11:18 IST" skipped="0">
  <testcase classname="com.comcast.crm.invoicetest.CreateInvoice" name="createInvoiceWithOrgAndProduct" time="17.804"/>
</testsuite> <!-- com.comcast.crm.invoicetest.CreateInvoice -->
