<?xml version="1.0" encoding="UTF-8"?>
<!-- Generated by org.testng.reporters.JUnitReportReporter -->
<testsuite hostname="LAPTOP-7ISEF72N" failures="0" tests="1" name="com.comcast.crm.orgtest.CreateOrgWithIndustryTest" time="10.730" errors="0" timestamp="2025-04-29T12:41:11 IST" skipped="0">
  <testcase classname="com.comcast.crm.orgtest.CreateOrgWithIndustryTest" name="run" time="10.730"/>
</testsuite> <!-- com.comcast.crm.orgtest.CreateOrgWithIndustryTest -->
