<?xml version="1.0" encoding="UTF-8"?>
<!-- Generated by org.testng.reporters.JUnitReportReporter -->
<testsuite hostname="LAPTOP-7ISEF72N" failures="0" tests="1" name="com.comcast.crm.salesordertest.CreateSalesOrder" time="24.185" errors="0" timestamp="2025-05-06T16:11:18 IST" skipped="0">
  <testcase classname="com.comcast.crm.salesordertest.CreateSalesOrder" name="createSalesOrderWithOrgAndOpportunityAndProduct" time="24.185"/>
</testsuite> <!-- com.comcast.crm.salesordertest.CreateSalesOrder -->
