<?xml version="1.0" encoding="UTF-8"?>
<!-- Generated by org.testng.reporters.JUnitReportReporter -->
<testsuite hostname="LAPTOP-7ISEF72N" failures="0" tests="1" name="com.comcast.crm.leadtest.CreateLead" time="7.568" errors="0" timestamp="2025-05-06T16:11:18 IST" skipped="0">
  <testcase classname="com.comcast.crm.leadtest.CreateLead" name="createLead" time="7.568"/>
</testsuite> <!-- com.comcast.crm.leadtest.CreateLead -->
