<?xml version="1.0" encoding="UTF-8"?>
<!-- Generated by org.testng.reporters.JUnitReportReporter -->
<testsuite hostname="LAPTOP-7ISEF72N" failures="0" tests="3" name="com.comcast.crm.contacttest.CreateContactTest" time="26.224" errors="0" timestamp="2025-05-06T16:11:18 IST" skipped="0">
  <testcase classname="com.comcast.crm.contacttest.CreateContactTest" name="createContactAndOrgTest" time="12.763"/>
  <testcase classname="com.comcast.crm.contacttest.CreateContactTest" name="createContactwithSupportDateTest" time="6.611"/>
  <testcase classname="com.comcast.crm.contacttest.CreateContactTest" name="createContactTest" time="6.850"/>
</testsuite> <!-- com.comcast.crm.contacttest.CreateContactTest -->
